TN:
SF:src\app.ts
FN:24,(anonymous_1)
FNF:1
FNH:0
FNDA:0,(anonymous_1)
DA:1,1
DA:2,1
DA:3,1
DA:4,1
DA:5,1
DA:6,1
DA:8,1
DA:10,1
DA:11,1
DA:12,1
DA:15,1
DA:20,1
DA:22,1
DA:24,1
DA:25,0
DA:28,1
DA:30,1
LF:17
LH:16
BRF:0
BRH:0
end_of_record
TN:
SF:src\config\database.ts
FN:18,(anonymous_1)
FN:22,testConnection
FN:32,runMigrations
FNF:3
FNH:0
FNDA:0,(anonymous_1)
FNDA:0,testConnection
FNDA:0,runMigrations
DA:1,7
DA:2,7
DA:3,7
DA:4,7
DA:5,7
DA:7,7
DA:18,7
DA:19,0
DA:22,7
DA:23,0
DA:24,0
DA:25,0
DA:26,0
DA:28,0
DA:32,7
DA:33,0
DA:34,0
DA:36,0
DA:39,0
DA:40,0
DA:41,0
DA:44,0
DA:45,0
DA:46,0
DA:47,0
DA:49,0
LF:26
LH:9
BRDA:39,0,0,0
BRF:1
BRH:0
end_of_record
TN:
SF:src\config\index.ts
FNF:0
FNH:0
DA:1,11
DA:2,11
DA:4,11
LF:3
LH:3
BRDA:5,0,0,11
BRDA:5,0,1,0
BRDA:7,1,0,11
BRDA:7,1,1,0
BRDA:8,2,0,11
BRDA:8,2,1,0
BRDA:9,3,0,11
BRDA:9,3,1,0
BRDA:10,4,0,11
BRDA:10,4,1,0
BRDA:11,5,0,11
BRDA:11,5,1,0
BRDA:13,6,0,11
BRDA:13,6,1,0
BRDA:14,7,0,11
BRDA:14,7,1,0
BRDA:15,8,0,11
BRDA:15,8,1,0
BRDA:16,9,0,11
BRDA:16,9,1,0
BRDA:17,10,0,11
BRDA:17,10,1,0
BRF:22
BRH:11
end_of_record
TN:
SF:src\controllers\auth.controller.ts
FN:6,(anonymous_0)
FN:18,(anonymous_1)
FN:30,(anonymous_2)
FNF:3
FNH:3
FNDA:8,(anonymous_0)
FNDA:2,(anonymous_1)
FNDA:2,(anonymous_2)
DA:2,1
DA:3,1
DA:5,1
DA:7,8
DA:9,8
DA:10,8
DA:11,1
DA:12,1
DA:15,7
DA:19,2
DA:21,2
DA:22,2
DA:23,1
DA:24,1
DA:27,1
DA:31,2
DA:32,0
DA:33,0
DA:36,2
DA:37,2
DA:38,1
DA:39,1
DA:42,1
LF:23
LH:21
BRDA:10,0,0,1
BRDA:22,1,0,1
BRDA:31,2,0,0
BRDA:37,3,0,1
BRF:4
BRH:3
end_of_record
TN:
SF:src\controllers\closures.controller.ts
FN:5,(anonymous_0)
FN:10,(anonymous_1)
FN:19,(anonymous_2)
FN:32,(anonymous_3)
FN:41,(anonymous_4)
FNF:5
FNH:0
FNDA:0,(anonymous_0)
FNDA:0,(anonymous_1)
FNDA:0,(anonymous_2)
FNDA:0,(anonymous_3)
FNDA:0,(anonymous_4)
DA:2,1
DA:4,1
DA:6,0
DA:7,0
DA:11,0
DA:12,0
DA:13,0
DA:14,0
DA:16,0
DA:20,0
DA:21,0
DA:22,0
DA:25,0
DA:29,0
DA:33,0
DA:34,0
DA:35,0
DA:36,0
DA:38,0
DA:42,0
DA:43,0
DA:44,0
DA:45,0
DA:47,0
LF:24
LH:2
BRDA:12,0,0,0
BRDA:20,1,0,0
BRDA:34,2,0,0
BRDA:43,3,0,0
BRF:4
BRH:0
end_of_record
TN:
SF:src\controllers\servers.controller.ts
FN:5,(anonymous_0)
FN:10,(anonymous_1)
FN:19,(anonymous_2)
FN:30,(anonymous_3)
FN:39,(anonymous_4)
FNF:5
FNH:0
FNDA:0,(anonymous_0)
FNDA:0,(anonymous_1)
FNDA:0,(anonymous_2)
FNDA:0,(anonymous_3)
FNDA:0,(anonymous_4)
DA:2,1
DA:4,1
DA:6,0
DA:7,0
DA:11,0
DA:12,0
DA:13,0
DA:14,0
DA:16,0
DA:20,0
DA:21,0
DA:22,0
DA:23,0
DA:26,0
DA:27,0
DA:31,0
DA:32,0
DA:33,0
DA:34,0
DA:36,0
DA:40,0
DA:41,0
DA:42,0
DA:43,0
DA:45,0
LF:25
LH:2
BRDA:12,0,0,0
BRDA:21,1,0,0
BRDA:32,2,0,0
BRDA:41,3,0,0
BRF:4
BRH:0
end_of_record
TN:
SF:src\controllers\subscriptions.controller.ts
FN:5,(anonymous_0)
FN:15,(anonymous_1)
FN:36,(anonymous_2)
FN:52,(anonymous_3)
FNF:4
FNH:0
FNDA:0,(anonymous_0)
FNDA:0,(anonymous_1)
FNDA:0,(anonymous_2)
FNDA:0,(anonymous_3)
DA:2,1
DA:4,1
DA:6,0
DA:7,0
DA:8,0
DA:11,0
DA:12,0
DA:16,0
DA:17,0
DA:18,0
DA:21,0
DA:22,0
DA:26,0
DA:28,0
DA:29,0
DA:30,0
DA:32,0
DA:37,0
DA:38,0
DA:39,0
DA:42,0
DA:43,0
DA:44,0
DA:45,0
DA:48,0
DA:49,0
DA:53,0
DA:54,0
DA:55,0
DA:58,0
DA:59,0
DA:60,0
DA:61,0
DA:64,0
DA:65,0
LF:35
LH:2
BRDA:6,0,0,0
BRDA:16,1,0,0
BRDA:28,2,0,0
BRDA:28,3,0,0
BRDA:28,3,1,0
BRDA:37,4,0,0
BRDA:43,5,0,0
BRDA:43,6,0,0
BRDA:43,6,1,0
BRDA:53,7,0,0
BRDA:59,8,0,0
BRDA:59,9,0,0
BRDA:59,9,1,0
BRF:13
BRH:0
end_of_record
TN:
SF:src\controllers\users.controller.ts
FN:5,(anonymous_0)
FN:10,(anonymous_1)
FN:20,(anonymous_2)
FNF:3
FNH:0
FNDA:0,(anonymous_0)
FNDA:0,(anonymous_1)
FNDA:0,(anonymous_2)
DA:2,1
DA:4,1
DA:6,0
DA:7,0
DA:11,0
DA:12,0
DA:13,0
DA:14,0
DA:15,0
DA:17,0
DA:21,0
DA:22,0
DA:23,0
DA:24,0
DA:26,0
LF:15
LH:2
BRDA:13,0,0,0
BRDA:22,1,0,0
BRF:2
BRH:0
end_of_record
TN:
SF:src\middleware\adminOnly.ts
FN:3,adminOnly
FNF:1
FNH:1
FNDA:6,adminOnly
DA:3,2
DA:4,6
DA:5,5
DA:6,5
DA:8,1
LF:5
LH:5
BRDA:4,0,0,5
BRF:1
BRH:1
end_of_record
TN:
SF:src\middleware\auth.ts
FN:4,authMiddleware
FNF:1
FNH:1
FNDA:14,authMiddleware
DA:2,2
DA:4,2
DA:5,14
DA:6,14
DA:7,6
DA:8,6
DA:11,8
DA:12,8
DA:14,8
DA:15,3
DA:16,3
DA:19,5
DA:20,5
LF:13
LH:13
BRDA:6,0,0,6
BRDA:14,1,0,3
BRF:2
BRH:2
end_of_record
TN:
SF:src\middleware\errorHandler.ts
FN:4,errorHandler
FNF:1
FNH:0
FNDA:0,errorHandler
DA:2,1
DA:4,1
DA:5,0
DA:6,0
LF:4
LH:2
BRF:0
BRH:0
end_of_record
TN:
SF:src\middleware\validate.ts
FN:4,validate
FN:5,(anonymous_1)
FN:13,(anonymous_2)
FNF:3
FNH:3
FNDA:23,validate
FNDA:29,(anonymous_1)
FNDA:18,(anonymous_2)
DA:2,2
DA:4,2
DA:5,23
DA:6,29
DA:7,29
DA:8,15
DA:10,14
DA:11,13
DA:13,18
DA:15,13
DA:17,1
LF:11
LH:11
BRDA:10,0,0,13
BRF:1
BRH:1
end_of_record
TN:
SF:src\models\closure.model.ts
FN:5,(anonymous_0)
FN:10,(anonymous_1)
FN:15,(anonymous_2)
FN:22,(anonymous_3)
FN:38,(anonymous_4)
FN:63,(anonymous_5)
FNF:6
FNH:0
FNDA:0,(anonymous_0)
FNDA:0,(anonymous_1)
FNDA:0,(anonymous_2)
FNDA:0,(anonymous_3)
FNDA:0,(anonymous_4)
FNDA:0,(anonymous_5)
DA:1,1
DA:4,1
DA:6,0
DA:7,0
DA:11,0
DA:12,0
DA:16,0
DA:19,0
DA:30,0
DA:35,0
DA:39,0
DA:40,0
DA:41,0
DA:43,0
DA:44,0
DA:45,0
DA:46,0
DA:47,0
DA:51,0
DA:53,0
DA:54,0
DA:56,0
DA:60,0
DA:64,0
DA:65,0
LF:25
LH:2
BRDA:12,0,0,0
BRDA:12,0,1,0
BRDA:44,1,0,0
BRDA:51,2,0,0
BRDA:60,3,0,0
BRDA:60,3,1,0
BRDA:65,4,0,0
BRDA:65,4,1,0
BRF:8
BRH:0
end_of_record
TN:
SF:src\models\replyLog.model.ts
FN:5,(anonymous_0)
FN:13,(anonymous_1)
FNF:2
FNH:0
FNDA:0,(anonymous_0)
FNDA:0,(anonymous_1)
DA:1,1
DA:4,1
DA:6,0
DA:10,0
DA:20,0
DA:27,0
LF:6
LH:2
BRDA:25,0,0,0
BRDA:25,0,1,0
BRDA:25,1,0,0
BRDA:25,1,1,0
BRF:4
BRH:0
end_of_record
TN:
SF:src\models\server.model.ts
FN:5,(anonymous_0)
FN:10,(anonymous_1)
FN:15,(anonymous_2)
FN:20,(anonymous_3)
FN:29,(anonymous_4)
FN:54,(anonymous_5)
FNF:6
FNH:0
FNDA:0,(anonymous_0)
FNDA:0,(anonymous_1)
FNDA:0,(anonymous_2)
FNDA:0,(anonymous_3)
FNDA:0,(anonymous_4)
FNDA:0,(anonymous_5)
DA:1,4
DA:4,4
DA:6,0
DA:7,0
DA:11,0
DA:12,0
DA:16,0
DA:17,0
DA:21,0
DA:26,0
DA:30,0
DA:31,0
DA:32,0
DA:34,0
DA:35,0
DA:36,0
DA:37,0
DA:38,0
DA:42,0
DA:44,0
DA:45,0
DA:47,0
DA:51,0
DA:55,0
DA:56,0
LF:25
LH:2
BRDA:12,0,0,0
BRDA:12,0,1,0
BRDA:17,1,0,0
BRDA:17,1,1,0
BRDA:35,2,0,0
BRDA:37,3,0,0
BRDA:37,3,1,0
BRDA:42,4,0,0
BRDA:51,5,0,0
BRDA:51,5,1,0
BRDA:56,6,0,0
BRDA:56,6,1,0
BRF:12
BRH:0
end_of_record
TN:
SF:src\models\subscription.model.ts
FN:5,(anonymous_0)
FN:17,(anonymous_1)
FN:22,(anonymous_2)
FN:36,(anonymous_3)
FN:61,(anonymous_4)
FNF:5
FNH:0
FNDA:0,(anonymous_0)
FNDA:0,(anonymous_1)
FNDA:0,(anonymous_2)
FNDA:0,(anonymous_3)
FNDA:0,(anonymous_4)
DA:1,1
DA:4,1
DA:6,0
DA:14,0
DA:18,0
DA:19,0
DA:28,0
DA:33,0
DA:37,0
DA:38,0
DA:39,0
DA:41,0
DA:42,0
DA:43,0
DA:44,0
DA:45,0
DA:49,0
DA:51,0
DA:52,0
DA:54,0
DA:58,0
DA:62,0
DA:63,0
LF:23
LH:2
BRDA:19,0,0,0
BRDA:19,0,1,0
BRDA:31,1,0,0
BRDA:31,1,1,0
BRDA:31,2,0,0
BRDA:31,2,1,0
BRDA:42,3,0,0
BRDA:49,4,0,0
BRDA:58,5,0,0
BRDA:58,5,1,0
BRDA:63,6,0,0
BRDA:63,6,1,0
BRF:12
BRH:0
end_of_record
TN:
SF:src\models\user.model.ts
FN:5,(anonymous_0)
FN:12,(anonymous_1)
FN:17,(anonymous_2)
FN:22,(anonymous_3)
FN:38,(anonymous_4)
FN:45,(anonymous_5)
FN:53,(anonymous_6)
FN:58,(anonymous_7)
FNF:8
FNH:0
FNDA:0,(anonymous_0)
FNDA:0,(anonymous_1)
FNDA:0,(anonymous_2)
FNDA:0,(anonymous_3)
FNDA:0,(anonymous_4)
FNDA:0,(anonymous_5)
FNDA:0,(anonymous_6)
FNDA:0,(anonymous_7)
DA:1,3
DA:4,3
DA:6,0
DA:9,0
DA:13,0
DA:14,0
DA:18,0
DA:19,0
DA:30,0
DA:35,0
DA:39,0
DA:46,0
DA:50,0
DA:54,0
DA:55,0
DA:72,0
DA:91,0
LF:17
LH:2
BRDA:14,0,0,0
BRDA:14,0,1,0
BRDA:19,1,0,0
BRDA:19,1,1,0
BRDA:50,2,0,0
BRDA:50,2,1,0
BRDA:55,3,0,0
BRDA:55,3,1,0
BRF:8
BRH:0
end_of_record
TN:
SF:src\routes\auth.routes.ts
FNF:0
FNH:0
DA:1,1
DA:2,1
DA:3,1
DA:4,1
DA:5,1
DA:7,1
DA:9,1
DA:14,1
DA:15,1
DA:16,1
DA:18,1
LF:11
LH:11
BRF:0
BRH:0
end_of_record
TN:
SF:src\routes\closures.routes.ts
FNF:0
FNH:0
DA:1,1
DA:2,1
DA:3,1
DA:4,1
DA:5,1
DA:6,1
DA:8,1
DA:16,1
DA:21,1
DA:22,1
DA:25,1
DA:26,1
DA:27,1
DA:28,1
DA:29,1
LF:15
LH:15
BRF:0
BRH:0
end_of_record
TN:
SF:src\routes\index.ts
FNF:0
FNH:0
DA:1,1
DA:2,1
DA:3,1
DA:4,1
DA:5,1
DA:6,1
DA:8,1
DA:10,1
DA:11,1
DA:12,1
DA:13,1
DA:14,1
DA:15,1
DA:17,1
LF:14
LH:14
BRF:0
BRH:0
end_of_record
TN:
SF:src\routes\servers.routes.ts
FNF:0
FNH:0
DA:1,1
DA:2,1
DA:3,1
DA:4,1
DA:5,1
DA:6,1
DA:8,1
DA:10,1
DA:21,1
DA:23,1
DA:25,1
DA:26,1
DA:27,1
DA:28,1
DA:29,1
DA:31,1
LF:16
LH:16
BRF:0
BRH:0
end_of_record
TN:
SF:src\routes\subscriptions.routes.ts
FNF:0
FNH:0
DA:1,1
DA:2,1
DA:3,1
DA:4,1
DA:5,1
DA:7,1
DA:9,1
DA:15,1
DA:21,1
DA:23,1
DA:24,1
DA:25,1
DA:26,1
DA:28,1
LF:14
LH:14
BRF:0
BRH:0
end_of_record
TN:
SF:src\routes\users.routes.ts
FNF:0
FNH:0
DA:1,1
DA:2,1
DA:3,1
DA:4,1
DA:5,1
DA:6,1
DA:8,1
DA:10,1
DA:14,1
DA:16,1
DA:17,1
DA:18,1
DA:20,1
LF:13
LH:13
BRF:0
BRH:0
end_of_record
TN:
SF:src\services\auth.service.ts
FN:10,authenticateAndGetToken
FN:54,verifyToken
FNF:2
FNH:2
FNDA:8,authenticateAndGetToken
FNDA:4,verifyToken
DA:1,3
DA:2,3
DA:4,3
DA:5,3
DA:6,3
DA:7,3
DA:8,3
DA:10,3
DA:11,8
DA:12,8
DA:13,8
DA:15,7
DA:22,7
DA:24,6
DA:26,6
DA:27,6
DA:29,6
DA:30,2
DA:31,2
DA:32,1
DA:34,2
DA:36,4
DA:46,6
DA:48,6
DA:49,6
DA:51,6
DA:54,3
DA:55,4
DA:56,4
DA:58,3
LF:30
LH:30
BRDA:13,0,0,1
BRDA:22,1,0,1
BRDA:27,2,0,2
BRDA:27,2,1,4
BRDA:29,3,0,2
BRDA:29,3,1,4
BRDA:31,4,0,1
BRDA:31,5,0,2
BRDA:31,5,1,1
BRDA:46,6,0,0
BRF:10
BRH:9
end_of_record
TN:
SF:src\services\autoreply.service.ts
FN:27,processUserAutoReply
FNF:1
FNH:1
FNDA:10,processUserAutoReply
DA:1,1
DA:2,1
DA:3,1
DA:4,1
DA:5,1
DA:27,1
DA:28,10
DA:30,10
DA:37,10
DA:44,10
DA:46,10
DA:47,10
DA:49,10
DA:50,13
DA:51,13
DA:53,11
DA:54,11
DA:63,9
DA:71,2
LF:19
LH:19
BRDA:46,0,0,10
BRDA:46,0,1,9
BRDA:47,1,0,10
BRDA:47,1,1,9
BRDA:51,2,0,2
BRDA:57,3,0,11
BRDA:57,3,1,1
BRF:7
BRH:7
end_of_record
TN:
SF:src\services\encryption.service.ts
FN:7,getKey
FN:11,encrypt
FN:27,decrypt
FNF:3
FNH:3
FNDA:65,getKey
FNDA:36,encrypt
FNDA:29,decrypt
DA:1,5
DA:2,5
DA:4,5
DA:5,5
DA:8,65
DA:11,5
DA:12,36
DA:13,36
DA:15,36
DA:16,36
DA:18,36
DA:20,36
DA:27,5
DA:28,29
DA:33,29
DA:35,29
DA:36,29
DA:38,24
LF:18
LH:18
BRF:0
BRH:0
end_of_record
TN:
SF:src\services\imap.service.ts
FN:14,validateImapCredentials
FN:40,fetchUnseenMessages
FN:87,isAutoReply
FN:93,(anonymous_3)
FNF:4
FNH:4
FNDA:5,validateImapCredentials
FNDA:7,fetchUnseenMessages
FNDA:8,isAutoReply
FNDA:50,(anonymous_3)
DA:1,5
DA:2,5
DA:14,5
DA:15,5
DA:23,5
DA:24,5
DA:25,1
DA:26,1
DA:28,4
DA:29,4
DA:40,5
DA:41,7
DA:49,7
DA:51,7
DA:52,7
DA:53,6
DA:55,6
DA:56,6
DA:58,6
DA:59,9
DA:60,9
DA:62,8
DA:65,8
DA:67,6
DA:75,6
DA:78,6
DA:80,1
DA:81,1
DA:84,7
DA:88,8
DA:93,50
DA:95,7
DA:96,7
DA:97,1
DA:100,6
LF:35
LH:35
BRDA:60,0,0,1
BRDA:65,1,0,2
BRDA:93,2,0,1
BRDA:95,3,0,7
BRDA:95,3,1,0
BRDA:96,4,0,1
BRDA:96,5,0,7
BRDA:96,5,1,7
BRDA:96,5,2,7
BRF:9
BRH:8
end_of_record
TN:
SF:src\services\polling.service.ts
FN:10,pollOnce
FN:23,(anonymous_2)
FN:24,(anonymous_3)
FN:34,startPolling
FN:44,stopPolling
FNF:5
FNH:0
FNDA:0,pollOnce
FNDA:0,(anonymous_2)
FNDA:0,(anonymous_3)
FNDA:0,startPolling
FNDA:0,stopPolling
DA:1,0
DA:2,0
DA:3,0
DA:4,0
DA:5,0
DA:7,0
DA:8,0
DA:11,0
DA:13,0
DA:14,0
DA:16,0
DA:17,0
DA:18,0
DA:21,0
DA:23,0
DA:24,0
DA:27,0
DA:28,0
DA:30,0
DA:34,0
DA:35,0
DA:37,0
DA:40,0
DA:41,0
DA:44,0
DA:45,0
DA:46,0
DA:47,0
DA:48,0
LF:29
LH:0
BRDA:16,0,0,0
BRDA:35,1,0,0
BRDA:45,2,0,0
BRF:3
BRH:0
end_of_record
TN:
SF:src\services\smtp.service.ts
FN:23,sendReply
FNF:1
FNH:1
FNDA:12,sendReply
DA:1,2
DA:2,2
DA:23,2
DA:24,12
DA:31,12
DA:45,9
LF:6
LH:6
BRF:0
BRH:0
end_of_record
TN:
SF:src\utils\domainMatcher.ts
FN:1,extractDomain
FNF:1
FNH:1
FNDA:17,extractDomain
DA:1,4
DA:2,17
DA:3,17
DA:4,3
DA:6,14
LF:5
LH:5
BRDA:3,0,0,3
BRF:1
BRH:1
end_of_record
TN:
SF:src\utils\logger.ts
FNF:0
FNH:0
DA:1,0
DA:2,0
DA:4,0
LF:3
LH:0
BRDA:5,0,0,0
BRDA:5,0,1,0
BRF:2
BRH:0
end_of_record
